<?xml version="1.0" encoding="UTF-8"?>
<!-- Generated by org.testng.reporters.JUnitXMLReporter -->
<testsuite hostname="DESKTOP-HUUPGQP" ignored="0" name="Default test" tests="5" failures="0" timestamp="16 Mar 2022 08:21:48 GMT" time="10.232" errors="0">
  <testcase name="createuser" time="4.489" classname="RESTproject.ProjectWork"/>
  <testcase name="updateuser" time="1.379" classname="RESTproject.ProjectWork"/>
  <testcase name="userLogin" time="1.39" classname="RESTproject.ProjectWork"/>
  <testcase name="userLogout" time="1.43" classname="RESTproject.ProjectWork"/>
  <testcase name="deleteuser" time="1.5" classname="RESTproject.ProjectWork"/>
</testsuite> <!-- Default test -->
